This file contains any messages produced by compilers while
running configure, to aid debugging if configure makes a mistake.

It was created by daq configure 2.2.2, which was
generated by GNU Autoconf 2.69.  Invocation command line was

  $ ./configure --prefix=/opt/snort --no-create --no-recursion

## --------- ##
## Platform. ##
## --------- ##

hostname = nslrack09
uname -m = x86_64
uname -r = 5.4.0-126-generic
uname -s = Linux
uname -v = #142-Ubuntu SMP Fri Aug 26 12:12:57 UTC 2022

/usr/bin/uname -p = unknown
/bin/uname -X     = unknown

/bin/arch              = unknown
/usr/bin/arch -k       = unknown
/usr/convex/getsysinfo = unknown
/usr/bin/hostinfo      = unknown
/bin/machine           = unknown
/usr/bin/oslevel       = unknown
/bin/universe          = unknown

PATH: /usr/local/sbin
PATH: /usr/local/bin
PATH: /usr/sbin
PATH: /usr/bin
PATH: /sbin
PATH: /bin
PATH: /snap/bin


## ----------- ##
## Core tests. ##
## ----------- ##

configure:2497: checking for a BSD-compatible install
configure:2565: result: /usr/bin/install -c
configure:2576: checking whether build environment is sane
configure:2631: result: yes
configure:2780: checking for a thread-safe mkdir -p
configure:2819: result: /bin/mkdir -p
configure:2826: checking for gawk
configure:2842: found /usr/bin/gawk
configure:2853: result: gawk
configure:2864: checking whether make sets $(MAKE)
configure:2886: result: yes
configure:2915: checking whether make supports nested variables
configure:2932: result: yes
configure:3112: checking for gcc
configure:3128: found /usr/bin/gcc
configure:3139: result: gcc
configure:3368: checking for C compiler version
configure:3377: gcc --version >&5
gcc (Ubuntu 7.5.0-6ubuntu2) 7.5.0
Copyright (C) 2017 Free Software Foundation, Inc.
This is free software; see the source for copying conditions.  There is NO
warranty; not even for MERCHANTABILITY or FITNESS FOR A PARTICULAR PURPOSE.

configure:3388: $? = 0
configure:3377: gcc -v >&5
Using built-in specs.
COLLECT_GCC=gcc
COLLECT_LTO_WRAPPER=/usr/lib/gcc/x86_64-linux-gnu/7/lto-wrapper
OFFLOAD_TARGET_NAMES=nvptx-none
OFFLOAD_TARGET_DEFAULT=1
Target: x86_64-linux-gnu
Configured with: ../src/configure -v --with-pkgversion='Ubuntu 7.5.0-6ubuntu2' --with-bugurl=file:///usr/share/doc/gcc-7/README.Bugs --enable-languages=c,ada,c++,go,brig,d,fortran,objc,obj-c++ --prefix=/usr --with-gcc-major-version-only --program-suffix=-7 --program-prefix=x86_64-linux-gnu- --enable-shared --enable-linker-build-id --libexecdir=/usr/lib --without-included-gettext --enable-threads=posix --libdir=/usr/lib --enable-nls --enable-bootstrap --enable-clocale=gnu --enable-libstdcxx-debug --enable-libstdcxx-time=yes --with-default-libstdcxx-abi=new --enable-gnu-unique-object --disable-vtable-verify --enable-libmpx --enable-plugin --enable-default-pie --with-system-zlib --with-target-system-zlib --enable-objc-gc=auto --enable-multiarch --disable-werror --with-arch-32=i686 --with-abi=m64 --with-multilib-list=m32,m64,mx32 --enable-multilib --with-tune=generic --enable-offload-targets=nvptx-none --without-cuda-driver --enable-checking=release --build=x86_64-linux-gnu --host=x86_64-linux-gnu --target=x86_64-linux-gnu
Thread model: posix
gcc version 7.5.0 (Ubuntu 7.5.0-6ubuntu2) 
configure:3388: $? = 0
configure:3377: gcc -V >&5
gcc: error: unrecognized command line option '-V'
gcc: fatal error: no input files
compilation terminated.
configure:3388: $? = 1
configure:3377: gcc -qversion >&5
gcc: error: unrecognized command line option '-qversion'; did you mean '--version'?
gcc: fatal error: no input files
compilation terminated.
configure:3388: $? = 1
configure:3408: checking whether the C compiler works
configure:3430: gcc    conftest.c  >&5
configure:3434: $? = 0
configure:3482: result: yes
configure:3485: checking for C compiler default output file name
configure:3487: result: a.out
configure:3493: checking for suffix of executables
configure:3500: gcc -o conftest    conftest.c  >&5
configure:3504: $? = 0
configure:3526: result: 
configure:3548: checking whether we are cross compiling
configure:3556: gcc -o conftest    conftest.c  >&5
configure:3560: $? = 0
configure:3567: ./conftest
configure:3571: $? = 0
configure:3559: result: no
configure:3564: checking for suffix of object files
configure:3586: gcc -c   conftest.c >&5
configure:3590: $? = 0
configure:3611: result: o
configure:3615: checking whether we are using the GNU C compiler
configure:3634: gcc -c   conftest.c >&5
configure:3634: $? = 0
configure:3643: result: yes
configure:3652: checking whether gcc accepts -g
configure:3672: gcc -c -g  conftest.c >&5
configure:3672: $? = 0
configure:3713: result: yes
configure:3730: checking for gcc option to accept ISO C89
configure:3793: gcc  -c -g -O2  conftest.c >&5
configure:3793: $? = 0
configure:3806: result: none needed
configure:3831: checking whether gcc understands -c and -o together
configure:3853: gcc -c conftest.c -o conftest2.o
configure:3856: $? = 0
configure:3853: gcc -c conftest.c -o conftest2.o
configure:3856: $? = 0
configure:3868: result: yes
configure:3888: checking whether make supports the include directive
configure:3903: make -f confmf.GNU && cat confinc.out
make[1]: Entering directory '/home/mbertocchi/mine_daq_dpdk/daq-2.2.2'
make[1]: Leaving directory '/home/mbertocchi/mine_daq_dpdk/daq-2.2.2'
this is the am__doit target
configure:3906: $? = 0
configure:3925: result: yes (GNU style)
configure:3950: checking dependency style of gcc
configure:4061: result: gcc3
configure:4105: checking build system type
configure:4119: result: x86_64-pc-linux-gnu
configure:4139: checking host system type
configure:4152: result: x86_64-pc-linux-gnu
configure:4193: checking how to print strings
configure:4220: result: printf
configure:4241: checking for a sed that does not truncate output
configure:4305: result: /bin/sed
configure:4323: checking for grep that handles long lines and -e
configure:4381: result: /bin/grep
configure:4386: checking for egrep
configure:4448: result: /bin/grep -E
configure:4453: checking for fgrep
configure:4515: result: /bin/grep -F
configure:4550: checking for ld used by gcc
configure:4617: result: /usr/bin/ld
configure:4624: checking if the linker (/usr/bin/ld) is GNU ld
configure:4639: result: yes
configure:4651: checking for BSD- or MS-compatible name lister (nm)
configure:4705: result: /usr/bin/nm -B
configure:4835: checking the name lister (/usr/bin/nm -B) interface
configure:4842: gcc -c -g -O2  conftest.c >&5
configure:4845: /usr/bin/nm -B "conftest.o"
configure:4848: output
0000000000000000 B some_variable
configure:4849: result: BSD nm
configure:4852: checking whether ln -s works
configure:4856: result: yes
configure:4864: checking the maximum length of command line arguments
configure:4995: result: 1572864
configure:5043: checking how to convert x86_64-pc-linux-gnu file names to x86_64-pc-linux-gnu format
configure:5083: result: func_convert_file_noop
configure:5090: checking how to convert x86_64-pc-linux-gnu file names to toolchain format
configure:5110: result: func_convert_file_noop
configure:5117: checking for /usr/bin/ld option to reload object files
configure:5124: result: -r
configure:5198: checking for objdump
configure:5214: found /usr/bin/objdump
configure:5225: result: objdump
configure:5257: checking how to recognize dependent libraries
configure:5457: result: pass_all
configure:5542: checking for dlltool
configure:5572: result: no
configure:5602: checking how to associate runtime and link libraries
configure:5629: result: printf %s\n
configure:5690: checking for ar
configure:5706: found /usr/bin/ar
configure:5717: result: ar
configure:5754: checking for archiver @FILE support
configure:5771: gcc -c -g -O2  conftest.c >&5
configure:5771: $? = 0
configure:5774: ar cr libconftest.a @conftest.lst >&5
configure:5777: $? = 0
configure:5782: ar cr libconftest.a @conftest.lst >&5
ar: conftest.o: No such file or directory
configure:5785: $? = 1
configure:5784: result: @
configure:5842: checking for strip
configure:5858: found /usr/bin/strip
configure:5869: result: strip
configure:5941: checking for ranlib
configure:5957: found /usr/bin/ranlib
configure:5968: result: ranlib
configure:6070: checking command to parse /usr/bin/nm -B output from gcc object
configure:6223: gcc -c -g -O2  conftest.c >&5
configure:6226: $? = 0
configure:6230: /usr/bin/nm -B conftest.o | sed -n -e 's/^.*[	 ]\([ABCDGIRSTW][ABCDGIRSTW]*\)[	 ][	 ]*\([_A-Za-z][_A-Za-z0-9]*\)$/\1 \2 \2/p' | sed '/ __gnu_lto/d' > conftest.nm
configure:6296: gcc -o conftest -g -O2   conftest.c conftstm.o >&5
configure:6299: $? = 0
configure:6337: result: ok
configure:6384: checking for sysroot
configure:6414: result: no
configure:6421: checking for a working dd
configure:6459: result: /bin/dd
configure:6463: checking how to truncate binary pipes
configure:6478: result: /bin/dd bs=4096 count=1
configure:6614: gcc -c -g -O2  conftest.c >&5
configure:6617: $? = 0
configure:6807: checking for mt
configure:6823: found /bin/mt
configure:6834: result: mt
configure:6857: checking if mt is a manifest tool
configure:6863: mt '-?'
configure:6871: result: no
configure:7548: checking how to run the C preprocessor
configure:7579: gcc -E  conftest.c
configure:7579: $? = 0
configure:7593: gcc -E  conftest.c
conftest.c:11:10: fatal error: ac_nonexistent.h: No such file or directory
 #include <ac_nonexistent.h>
          ^~~~~~~~~~~~~~~~~~
compilation terminated.
configure:7593: $? = 1
configure: failed program was:
| /* confdefs.h */
| #define PACKAGE_NAME "daq"
| #define PACKAGE_TARNAME "daq"
| #define PACKAGE_VERSION "2.2.2"
| #define PACKAGE_STRING "daq 2.2.2"
| #define PACKAGE_BUGREPORT "snort-team@sourcefire.com"
| #define PACKAGE_URL ""
| #define PACKAGE "daq"
| #define VERSION "2.2.2"
| /* end confdefs.h.  */
| #include <ac_nonexistent.h>
configure:7618: result: gcc -E
configure:7638: gcc -E  conftest.c
configure:7638: $? = 0
configure:7652: gcc -E  conftest.c
conftest.c:11:10: fatal error: ac_nonexistent.h: No such file or directory
 #include <ac_nonexistent.h>
          ^~~~~~~~~~~~~~~~~~
compilation terminated.
configure:7652: $? = 1
configure: failed program was:
| /* confdefs.h */
| #define PACKAGE_NAME "daq"
| #define PACKAGE_TARNAME "daq"
| #define PACKAGE_VERSION "2.2.2"
| #define PACKAGE_STRING "daq 2.2.2"
| #define PACKAGE_BUGREPORT "snort-team@sourcefire.com"
| #define PACKAGE_URL ""
| #define PACKAGE "daq"
| #define VERSION "2.2.2"
| /* end confdefs.h.  */
| #include <ac_nonexistent.h>
configure:7681: checking for ANSI C header files
configure:7701: gcc -c -g -O2  conftest.c >&5
configure:7701: $? = 0
configure:7774: gcc -o conftest -g -O2   conftest.c  >&5
configure:7774: $? = 0
configure:7774: ./conftest
configure:7774: $? = 0
configure:7785: result: yes
configure:7798: checking for sys/types.h
configure:7798: gcc -c -g -O2  conftest.c >&5
configure:7798: $? = 0
configure:7798: result: yes
configure:7798: checking for sys/stat.h
configure:7798: gcc -c -g -O2  conftest.c >&5
configure:7798: $? = 0
configure:7798: result: yes
configure:7798: checking for stdlib.h
configure:7798: gcc -c -g -O2  conftest.c >&5
configure:7798: $? = 0
configure:7798: result: yes
configure:7798: checking for string.h
configure:7798: gcc -c -g -O2  conftest.c >&5
configure:7798: $? = 0
configure:7798: result: yes
configure:7798: checking for memory.h
configure:7798: gcc -c -g -O2  conftest.c >&5
configure:7798: $? = 0
configure:7798: result: yes
configure:7798: checking for strings.h
configure:7798: gcc -c -g -O2  conftest.c >&5
configure:7798: $? = 0
configure:7798: result: yes
configure:7798: checking for inttypes.h
configure:7798: gcc -c -g -O2  conftest.c >&5
configure:7798: $? = 0
configure:7798: result: yes
configure:7798: checking for stdint.h
configure:7798: gcc -c -g -O2  conftest.c >&5
configure:7798: $? = 0
configure:7798: result: yes
configure:7798: checking for unistd.h
configure:7798: gcc -c -g -O2  conftest.c >&5
configure:7798: $? = 0
configure:7798: result: yes
configure:7812: checking for dlfcn.h
configure:7812: gcc -c -g -O2  conftest.c >&5
configure:7812: $? = 0
configure:7812: result: yes
configure:8068: checking for objdir
configure:8083: result: .libs
configure:8347: checking if gcc supports -fno-rtti -fno-exceptions
configure:8365: gcc -c -g -O2  -fno-rtti -fno-exceptions conftest.c >&5
cc1: warning: command line option '-fno-rtti' is valid for C++/ObjC++ but not for C
configure:8369: $? = 0
configure:8382: result: no
configure:8746: checking for gcc option to produce PIC
configure:8753: result: -fPIC -DPIC
configure:8761: checking if gcc PIC flag -fPIC -DPIC works
configure:8779: gcc -c -g -O2  -fPIC -DPIC -DPIC conftest.c >&5
configure:8783: $? = 0
configure:8796: result: yes
configure:8825: checking if gcc static flag -static works
configure:8853: result: yes
configure:8868: checking if gcc supports -c -o file.o
configure:8889: gcc -c -g -O2  -o out/conftest2.o conftest.c >&5
configure:8893: $? = 0
configure:8915: result: yes
configure:8923: checking if gcc supports -c -o file.o
configure:8970: result: yes
configure:9003: checking whether the gcc linker (/usr/bin/ld -m elf_x86_64) supports shared libraries
configure:10266: result: yes
configure:10303: checking whether -lc should be explicitly linked in
configure:10311: gcc -c -g -O2  conftest.c >&5
configure:10314: $? = 0
configure:10329: gcc -shared  -fPIC -DPIC conftest.o  -v -Wl,-soname -Wl,conftest -o conftest 2\>\&1 \| /bin/grep  -lc  \>/dev/null 2\>\&1
configure:10332: $? = 0
configure:10346: result: no
configure:10506: checking dynamic linker characteristics
configure:11087: gcc -o conftest -g -O2   -Wl,-rpath -Wl,/foo conftest.c  >&5
configure:11087: $? = 0
configure:11336: result: GNU/Linux ld.so
configure:11458: checking how to hardcode library paths into programs
configure:11483: result: immediate
configure:12031: checking whether stripping libraries is possible
configure:12036: result: yes
configure:12071: checking if libtool supports shared libraries
configure:12073: result: yes
configure:12076: checking whether to build shared libraries
configure:12101: result: yes
configure:12104: checking whether to build static libraries
configure:12108: result: yes
configure:8925: checking for visibility support
configure:8950: gcc -c -g -O2 -Werror -fvisibility=hidden  conftest.c >&5
configure:8950: $? = 0
configure:8959: result: yes
configure:8990: checking whether C compiler accepts -Wall
configure:9009: gcc -c -g -O2 -fvisibility=hidden  -Wall  conftest.c >&5
configure:9009: $? = 0
configure:9017: result: yes
configure:9025: checking whether C compiler accepts -Wwrite-strings
configure:9044: gcc -c -g -O2 -fvisibility=hidden  -Wwrite-strings  conftest.c >&5
configure:9044: $? = 0
configure:9052: result: yes
configure:9060: checking whether C compiler accepts -Wsign-compare
configure:9079: gcc -c -g -O2 -fvisibility=hidden  -Wsign-compare  conftest.c >&5
configure:9079: $? = 0
configure:9087: result: yes
configure:9095: checking whether C compiler accepts -Wcast-align
configure:9114: gcc -c -g -O2 -fvisibility=hidden  -Wcast-align  conftest.c >&5
configure:9114: $? = 0
configure:9122: result: yes
configure:9130: checking whether C compiler accepts -Wextra
configure:9149: gcc -c -g -O2 -fvisibility=hidden  -Wextra  conftest.c >&5
configure:9149: $? = 0
configure:9157: result: yes
configure:9165: checking whether C compiler accepts -Wformat
configure:9184: gcc -c -g -O2 -fvisibility=hidden  -Wformat  conftest.c >&5
configure:9184: $? = 0
configure:9192: result: yes
configure:9200: checking whether C compiler accepts -Wformat-security
configure:9219: gcc -c -g -O2 -fvisibility=hidden  -Wformat-security  conftest.c >&5
configure:9219: $? = 0
configure:9227: result: yes
configure:9235: checking whether C compiler accepts -Wno-unused-parameter
configure:9254: gcc -c -g -O2 -fvisibility=hidden  -Wno-unused-parameter  conftest.c >&5
configure:9254: $? = 0
configure:9262: result: yes
configure:9270: checking whether C compiler accepts -fno-strict-aliasing
configure:9289: gcc -c -g -O2 -fvisibility=hidden  -fno-strict-aliasing  conftest.c >&5
configure:9289: $? = 0
configure:9297: result: yes
configure:9305: checking whether C compiler accepts -fdiagnostics-show-option
configure:9324: gcc -c -g -O2 -fvisibility=hidden  -fdiagnostics-show-option  conftest.c >&5
configure:9324: $? = 0
configure:9332: result: yes
configure:9340: checking whether C compiler accepts -pedantic -std=c99 -D_GNU_SOURCE
configure:9359: gcc -c -g -O2 -fvisibility=hidden  -pedantic -std=c99 -D_GNU_SOURCE  conftest.c >&5
configure:9359: $? = 0
configure:9367: result: yes
configure:9387: checking for getaddrinfo
configure:9387: gcc -o conftest -g -O2 -fvisibility=hidden   conftest.c  >&5
configure:9387: $? = 0
configure:9387: result: yes
configure:9427: checking for flex
configure:9443: found /usr/bin/flex
configure:9454: result: flex
configure:9469: checking for flex 2.4 or higher
configure:9481: result: yes
configure:9497: checking for bison
configure:9513: found /usr/bin/bison
configure:9524: result: bison
configure:9676: checking linux/if_ether.h usability
configure:9676: gcc -c -g -O2 -fvisibility=hidden  -I/usr/include conftest.c >&5
configure:9676: $? = 0
configure:9676: result: yes
configure:9676: checking linux/if_ether.h presence
configure:9676: gcc -E  -I/usr/include conftest.c
configure:9676: $? = 0
configure:9676: result: yes
configure:9676: checking for linux/if_ether.h
configure:9676: result: yes
configure:9676: checking linux/if_packet.h usability
configure:9676: gcc -c -g -O2 -fvisibility=hidden  -I/usr/include conftest.c >&5
configure:9676: $? = 0
configure:9676: result: yes
configure:9676: checking linux/if_packet.h presence
configure:9676: gcc -E  -I/usr/include conftest.c
configure:9676: $? = 0
configure:9676: result: yes
configure:9676: checking for linux/if_packet.h
configure:9676: result: yes
configure:9688: checking whether TPACKET2_HDRLEN is declared
configure:9688: gcc -c -g -O2 -fvisibility=hidden  -I/usr/include conftest.c >&5
configure:9688: $? = 0
configure:9688: result: yes
configure:9704: checking whether PACKET_TX_RING is declared
configure:9704: gcc -c -g -O2 -fvisibility=hidden  -I/usr/include conftest.c >&5
configure:9704: $? = 0
configure:9704: result: yes
configure:9750: checking /home/mbertocchi/dpdk-stable-21.11.2/install/include/rte_config.h usability
configure:9750: gcc -c -g -O2 -fvisibility=hidden  -I/usr/include conftest.c >&5
configure:9750: $? = 0
configure:9750: result: yes
configure:9750: checking /home/mbertocchi/dpdk-stable-21.11.2/install/include/rte_config.h presence
configure:9750: gcc -E  -I/usr/include conftest.c
configure:9750: $? = 0
configure:9750: result: yes
configure:9750: checking for /home/mbertocchi/dpdk-stable-21.11.2/install/include/rte_config.h
configure:9750: result: yes
configure:9790: checking pcap.h usability
configure:9790: gcc -c -g -O2 -fvisibility=hidden -std=gnu99 -Wno-pedantic  -I/usr/include -I/home/mbertocchi/dpdk-stable-21.11.2/install/include conftest.c >&5
configure:9790: $? = 0
configure:9790: result: yes
configure:9790: checking pcap.h presence
configure:9790: gcc -E  -I/usr/include -I/home/mbertocchi/dpdk-stable-21.11.2/install/include conftest.c
configure:9790: $? = 0
configure:9790: result: yes
configure:9790: checking for pcap.h
configure:9790: result: yes
configure:9798: checking for pcap_lib_version in -lpcap
configure:9823: gcc -o conftest -g -O2 -fvisibility=hidden -std=gnu99 -Wno-pedantic  -I/usr/include -I/home/mbertocchi/dpdk-stable-21.11.2/install/include  conftest.c -lpcap   >&5
configure:9823: $? = 0
configure:9832: result: yes
configure:9890: checking netinet/in.h usability
configure:9890: gcc -c -g -O2 -fvisibility=hidden -std=gnu99 -Wno-pedantic  -I/usr/include -I/home/mbertocchi/dpdk-stable-21.11.2/install/include conftest.c >&5
configure:9890: $? = 0
configure:9890: result: yes
configure:9890: checking netinet/in.h presence
configure:9890: gcc -E  -I/usr/include -I/home/mbertocchi/dpdk-stable-21.11.2/install/include conftest.c
configure:9890: $? = 0
configure:9890: result: yes
configure:9890: checking for netinet/in.h
configure:9890: result: yes
configure:9890: checking libipq.h usability
configure:9890: gcc -c -g -O2 -fvisibility=hidden -std=gnu99 -Wno-pedantic  -I/usr/include -I/home/mbertocchi/dpdk-stable-21.11.2/install/include conftest.c >&5
conftest.c:64:10: fatal error: libipq.h: No such file or directory
 #include <libipq.h>
          ^~~~~~~~~~
compilation terminated.
configure:9890: $? = 1
configure: failed program was:
| /* confdefs.h */
| #define PACKAGE_NAME "daq"
| #define PACKAGE_TARNAME "daq"
| #define PACKAGE_VERSION "2.2.2"
| #define PACKAGE_STRING "daq 2.2.2"
| #define PACKAGE_BUGREPORT "snort-team@sourcefire.com"
| #define PACKAGE_URL ""
| #define PACKAGE "daq"
| #define VERSION "2.2.2"
| #define STDC_HEADERS 1
| #define HAVE_SYS_TYPES_H 1
| #define HAVE_SYS_STAT_H 1
| #define HAVE_STDLIB_H 1
| #define HAVE_STRING_H 1
| #define HAVE_MEMORY_H 1
| #define HAVE_STRINGS_H 1
| #define HAVE_INTTYPES_H 1
| #define HAVE_STDINT_H 1
| #define HAVE_UNISTD_H 1
| #define HAVE_DLFCN_H 1
| #define LT_OBJDIR ".libs/"
| #define HAVE_VISIBILITY 1
| #define INET6 1
| #define HAVE_LINUX_IF_ETHER_H 1
| #define HAVE_LINUX_IF_PACKET_H 1
| #define HAVE_DECL_TPACKET2_HDRLEN 1
| #define HAVE_DECL_PACKET_TX_RING 1
| #define HAVE_LIBPCAP 1
| #define HAVE_NETINET_IN_H 1
| /* end confdefs.h.  */
| #include <stdio.h>
| #ifdef HAVE_SYS_TYPES_H
| # include <sys/types.h>
| #endif
| #ifdef HAVE_SYS_STAT_H
| # include <sys/stat.h>
| #endif
| #ifdef STDC_HEADERS
| # include <stdlib.h>
| # include <stddef.h>
| #else
| # ifdef HAVE_STDLIB_H
| #  include <stdlib.h>
| # endif
| #endif
| #ifdef HAVE_STRING_H
| # if !defined STDC_HEADERS && defined HAVE_MEMORY_H
| #  include <memory.h>
| # endif
| # include <string.h>
| #endif
| #ifdef HAVE_STRINGS_H
| # include <strings.h>
| #endif
| #ifdef HAVE_INTTYPES_H
| # include <inttypes.h>
| #endif
| #ifdef HAVE_STDINT_H
| # include <stdint.h>
| #endif
| #ifdef HAVE_UNISTD_H
| # include <unistd.h>
| #endif
| #include <libipq.h>
configure:9890: result: no
configure:9890: checking libipq.h presence
configure:9890: gcc -E  -I/usr/include -I/home/mbertocchi/dpdk-stable-21.11.2/install/include conftest.c
conftest.c:31:10: fatal error: libipq.h: No such file or directory
 #include <libipq.h>
          ^~~~~~~~~~
compilation terminated.
configure:9890: $? = 1
configure: failed program was:
| /* confdefs.h */
| #define PACKAGE_NAME "daq"
| #define PACKAGE_TARNAME "daq"
| #define PACKAGE_VERSION "2.2.2"
| #define PACKAGE_STRING "daq 2.2.2"
| #define PACKAGE_BUGREPORT "snort-team@sourcefire.com"
| #define PACKAGE_URL ""
| #define PACKAGE "daq"
| #define VERSION "2.2.2"
| #define STDC_HEADERS 1
| #define HAVE_SYS_TYPES_H 1
| #define HAVE_SYS_STAT_H 1
| #define HAVE_STDLIB_H 1
| #define HAVE_STRING_H 1
| #define HAVE_MEMORY_H 1
| #define HAVE_STRINGS_H 1
| #define HAVE_INTTYPES_H 1
| #define HAVE_STDINT_H 1
| #define HAVE_UNISTD_H 1
| #define HAVE_DLFCN_H 1
| #define LT_OBJDIR ".libs/"
| #define HAVE_VISIBILITY 1
| #define INET6 1
| #define HAVE_LINUX_IF_ETHER_H 1
| #define HAVE_LINUX_IF_PACKET_H 1
| #define HAVE_DECL_TPACKET2_HDRLEN 1
| #define HAVE_DECL_PACKET_TX_RING 1
| #define HAVE_LIBPCAP 1
| #define HAVE_NETINET_IN_H 1
| /* end confdefs.h.  */
| #include <libipq.h>
configure:9890: result: no
configure:9890: checking for libipq.h
configure:9890: result: no
configure:9902: checking for linux/netfilter.h
configure:9902: gcc -c -g -O2 -fvisibility=hidden -std=gnu99 -Wno-pedantic  -I/usr/include -I/home/mbertocchi/dpdk-stable-21.11.2/install/include conftest.c >&5
configure:9902: $? = 0
configure:9902: result: yes
configure:9938: checking for netinet/in.h
configure:9938: result: yes
configure:9938: checking libnetfilter_queue/libnetfilter_queue.h usability
configure:9938: gcc -c -g -O2 -fvisibility=hidden -std=gnu99 -Wno-pedantic  -I/usr/include -I/home/mbertocchi/dpdk-stable-21.11.2/install/include conftest.c >&5
configure:9938: $? = 0
configure:9938: result: yes
configure:9938: checking libnetfilter_queue/libnetfilter_queue.h presence
configure:9938: gcc -E  -I/usr/include -I/home/mbertocchi/dpdk-stable-21.11.2/install/include conftest.c
configure:9938: $? = 0
configure:9938: result: yes
configure:9938: checking for libnetfilter_queue/libnetfilter_queue.h
configure:9938: result: yes
configure:9950: checking for linux/netfilter.h
configure:9950: result: yes
configure:9983: checking for pcap.h
configure:9983: result: yes
configure:9993: checking for pcap_lib_version
configure:9995: checking for pcap_lib_version in -lpcap
configure:10029: result: yes
configure:10044: checking for libpcap version >= "1.0.0"
configure:10074: gcc -o conftest -g -O2 -fvisibility=hidden -std=gnu99 -Wno-pedantic  -I/usr/include -I/home/mbertocchi/dpdk-stable-21.11.2/install/include  conftest.c -lpcap -lpcap  >&5
configure:10074: $? = 0
configure:10074: ./conftest
configure:10074: $? = 0
configure:10084: result: yes
configure:10119: checking for net/netmap.h
configure:10119: gcc -c -g -O2 -fvisibility=hidden -std=gnu99 -Wno-pedantic  -I/usr/include -I/home/mbertocchi/dpdk-stable-21.11.2/install/include conftest.c >&5
conftest.c:39:10: fatal error: net/netmap.h: No such file or directory
 #include <net/netmap.h>
          ^~~~~~~~~~~~~~
compilation terminated.
configure:10119: $? = 1
configure: failed program was:
| /* confdefs.h */
| #define PACKAGE_NAME "daq"
| #define PACKAGE_TARNAME "daq"
| #define PACKAGE_VERSION "2.2.2"
| #define PACKAGE_STRING "daq 2.2.2"
| #define PACKAGE_BUGREPORT "snort-team@sourcefire.com"
| #define PACKAGE_URL ""
| #define PACKAGE "daq"
| #define VERSION "2.2.2"
| #define STDC_HEADERS 1
| #define HAVE_SYS_TYPES_H 1
| #define HAVE_SYS_STAT_H 1
| #define HAVE_STDLIB_H 1
| #define HAVE_STRING_H 1
| #define HAVE_MEMORY_H 1
| #define HAVE_STRINGS_H 1
| #define HAVE_INTTYPES_H 1
| #define HAVE_STDINT_H 1
| #define HAVE_UNISTD_H 1
| #define HAVE_DLFCN_H 1
| #define LT_OBJDIR ".libs/"
| #define HAVE_VISIBILITY 1
| #define INET6 1
| #define HAVE_LINUX_IF_ETHER_H 1
| #define HAVE_LINUX_IF_PACKET_H 1
| #define HAVE_DECL_TPACKET2_HDRLEN 1
| #define HAVE_DECL_PACKET_TX_RING 1
| #define HAVE_LIBPCAP 1
| #define HAVE_NETINET_IN_H 1
| #define HAVE_NETINET_IN_H 1
| #define HAVE_LIBNETFILTER_QUEUE_LIBNETFILTER_QUEUE_H 1
| /* end confdefs.h.  */
| 
|                       #include <stdint.h>
|                       #include <sys/socket.h>
|                       #include <net/if.h>
| 
| 
| #include <net/netmap.h>
configure:10119: result: no
configure:10119: checking for net/netmap_user.h
configure:10119: gcc -c -g -O2 -fvisibility=hidden -std=gnu99 -Wno-pedantic  -I/usr/include -I/home/mbertocchi/dpdk-stable-21.11.2/install/include conftest.c >&5
conftest.c:39:10: fatal error: net/netmap_user.h: No such file or directory
 #include <net/netmap_user.h>
          ^~~~~~~~~~~~~~~~~~~
compilation terminated.
configure:10119: $? = 1
configure: failed program was:
| /* confdefs.h */
| #define PACKAGE_NAME "daq"
| #define PACKAGE_TARNAME "daq"
| #define PACKAGE_VERSION "2.2.2"
| #define PACKAGE_STRING "daq 2.2.2"
| #define PACKAGE_BUGREPORT "snort-team@sourcefire.com"
| #define PACKAGE_URL ""
| #define PACKAGE "daq"
| #define VERSION "2.2.2"
| #define STDC_HEADERS 1
| #define HAVE_SYS_TYPES_H 1
| #define HAVE_SYS_STAT_H 1
| #define HAVE_STDLIB_H 1
| #define HAVE_STRING_H 1
| #define HAVE_MEMORY_H 1
| #define HAVE_STRINGS_H 1
| #define HAVE_INTTYPES_H 1
| #define HAVE_STDINT_H 1
| #define HAVE_UNISTD_H 1
| #define HAVE_DLFCN_H 1
| #define LT_OBJDIR ".libs/"
| #define HAVE_VISIBILITY 1
| #define INET6 1
| #define HAVE_LINUX_IF_ETHER_H 1
| #define HAVE_LINUX_IF_PACKET_H 1
| #define HAVE_DECL_TPACKET2_HDRLEN 1
| #define HAVE_DECL_PACKET_TX_RING 1
| #define HAVE_LIBPCAP 1
| #define HAVE_NETINET_IN_H 1
| #define HAVE_NETINET_IN_H 1
| #define HAVE_LIBNETFILTER_QUEUE_LIBNETFILTER_QUEUE_H 1
| /* end confdefs.h.  */
| 
|                       #include <stdint.h>
|                       #include <sys/socket.h>
|                       #include <net/if.h>
| 
| 
| #include <net/netmap_user.h>
configure:10119: result: no
configure:10136: checking whether NETMAP_API is declared
configure:10136: gcc -c -g -O2 -fvisibility=hidden -std=gnu99 -Wno-pedantic  -I/usr/include -I/home/mbertocchi/dpdk-stable-21.11.2/install/include conftest.c >&5
conftest.c:37:29: fatal error: net/netmap.h: No such file or directory
                    #include <net/netmap.h>
                             ^~~~~~~~~~~~~~
compilation terminated.
configure:10136: $? = 1
configure: failed program was:
| /* confdefs.h */
| #define PACKAGE_NAME "daq"
| #define PACKAGE_TARNAME "daq"
| #define PACKAGE_VERSION "2.2.2"
| #define PACKAGE_STRING "daq 2.2.2"
| #define PACKAGE_BUGREPORT "snort-team@sourcefire.com"
| #define PACKAGE_URL ""
| #define PACKAGE "daq"
| #define VERSION "2.2.2"
| #define STDC_HEADERS 1
| #define HAVE_SYS_TYPES_H 1
| #define HAVE_SYS_STAT_H 1
| #define HAVE_STDLIB_H 1
| #define HAVE_STRING_H 1
| #define HAVE_MEMORY_H 1
| #define HAVE_STRINGS_H 1
| #define HAVE_INTTYPES_H 1
| #define HAVE_STDINT_H 1
| #define HAVE_UNISTD_H 1
| #define HAVE_DLFCN_H 1
| #define LT_OBJDIR ".libs/"
| #define HAVE_VISIBILITY 1
| #define INET6 1
| #define HAVE_LINUX_IF_ETHER_H 1
| #define HAVE_LINUX_IF_PACKET_H 1
| #define HAVE_DECL_TPACKET2_HDRLEN 1
| #define HAVE_DECL_PACKET_TX_RING 1
| #define HAVE_LIBPCAP 1
| #define HAVE_NETINET_IN_H 1
| #define HAVE_NETINET_IN_H 1
| #define HAVE_LIBNETFILTER_QUEUE_LIBNETFILTER_QUEUE_H 1
| /* end confdefs.h.  */
| 
|                    #include <stdint.h>
|                    #include <sys/socket.h>
|                    #include <net/if.h>
|                    #include <net/netmap.h>
| 
| 
| int
| main ()
| {
| #ifndef NETMAP_API
| #ifdef __cplusplus
|   (void) NETMAP_API;
| #else
|   (void) NETMAP_API;
| #endif
| #endif
| 
|   ;
|   return 0;
| }
configure:10136: result: no
configure:10165: checking dnet.h usability
configure:10165: gcc -c -g -O2 -fvisibility=hidden -std=gnu99 -Wno-pedantic  -I/usr/include -I/home/mbertocchi/dpdk-stable-21.11.2/install/include conftest.c >&5
conftest.c:66:10: fatal error: dnet.h: No such file or directory
 #include <dnet.h>
          ^~~~~~~~
compilation terminated.
configure:10165: $? = 1
configure: failed program was:
| /* confdefs.h */
| #define PACKAGE_NAME "daq"
| #define PACKAGE_TARNAME "daq"
| #define PACKAGE_VERSION "2.2.2"
| #define PACKAGE_STRING "daq 2.2.2"
| #define PACKAGE_BUGREPORT "snort-team@sourcefire.com"
| #define PACKAGE_URL ""
| #define PACKAGE "daq"
| #define VERSION "2.2.2"
| #define STDC_HEADERS 1
| #define HAVE_SYS_TYPES_H 1
| #define HAVE_SYS_STAT_H 1
| #define HAVE_STDLIB_H 1
| #define HAVE_STRING_H 1
| #define HAVE_MEMORY_H 1
| #define HAVE_STRINGS_H 1
| #define HAVE_INTTYPES_H 1
| #define HAVE_STDINT_H 1
| #define HAVE_UNISTD_H 1
| #define HAVE_DLFCN_H 1
| #define LT_OBJDIR ".libs/"
| #define HAVE_VISIBILITY 1
| #define INET6 1
| #define HAVE_LINUX_IF_ETHER_H 1
| #define HAVE_LINUX_IF_PACKET_H 1
| #define HAVE_DECL_TPACKET2_HDRLEN 1
| #define HAVE_DECL_PACKET_TX_RING 1
| #define HAVE_LIBPCAP 1
| #define HAVE_NETINET_IN_H 1
| #define HAVE_NETINET_IN_H 1
| #define HAVE_LIBNETFILTER_QUEUE_LIBNETFILTER_QUEUE_H 1
| /* end confdefs.h.  */
| #include <stdio.h>
| #ifdef HAVE_SYS_TYPES_H
| # include <sys/types.h>
| #endif
| #ifdef HAVE_SYS_STAT_H
| # include <sys/stat.h>
| #endif
| #ifdef STDC_HEADERS
| # include <stdlib.h>
| # include <stddef.h>
| #else
| # ifdef HAVE_STDLIB_H
| #  include <stdlib.h>
| # endif
| #endif
| #ifdef HAVE_STRING_H
| # if !defined STDC_HEADERS && defined HAVE_MEMORY_H
| #  include <memory.h>
| # endif
| # include <string.h>
| #endif
| #ifdef HAVE_STRINGS_H
| # include <strings.h>
| #endif
| #ifdef HAVE_INTTYPES_H
| # include <inttypes.h>
| #endif
| #ifdef HAVE_STDINT_H
| # include <stdint.h>
| #endif
| #ifdef HAVE_UNISTD_H
| # include <unistd.h>
| #endif
| #include <dnet.h>
configure:10165: result: no
configure:10165: checking dnet.h presence
configure:10165: gcc -E  -I/usr/include -I/home/mbertocchi/dpdk-stable-21.11.2/install/include conftest.c
conftest.c:33:10: fatal error: dnet.h: No such file or directory
 #include <dnet.h>
          ^~~~~~~~
compilation terminated.
configure:10165: $? = 1
configure: failed program was:
| /* confdefs.h */
| #define PACKAGE_NAME "daq"
| #define PACKAGE_TARNAME "daq"
| #define PACKAGE_VERSION "2.2.2"
| #define PACKAGE_STRING "daq 2.2.2"
| #define PACKAGE_BUGREPORT "snort-team@sourcefire.com"
| #define PACKAGE_URL ""
| #define PACKAGE "daq"
| #define VERSION "2.2.2"
| #define STDC_HEADERS 1
| #define HAVE_SYS_TYPES_H 1
| #define HAVE_SYS_STAT_H 1
| #define HAVE_STDLIB_H 1
| #define HAVE_STRING_H 1
| #define HAVE_MEMORY_H 1
| #define HAVE_STRINGS_H 1
| #define HAVE_INTTYPES_H 1
| #define HAVE_STDINT_H 1
| #define HAVE_UNISTD_H 1
| #define HAVE_DLFCN_H 1
| #define LT_OBJDIR ".libs/"
| #define HAVE_VISIBILITY 1
| #define INET6 1
| #define HAVE_LINUX_IF_ETHER_H 1
| #define HAVE_LINUX_IF_PACKET_H 1
| #define HAVE_DECL_TPACKET2_HDRLEN 1
| #define HAVE_DECL_PACKET_TX_RING 1
| #define HAVE_LIBPCAP 1
| #define HAVE_NETINET_IN_H 1
| #define HAVE_NETINET_IN_H 1
| #define HAVE_LIBNETFILTER_QUEUE_LIBNETFILTER_QUEUE_H 1
| /* end confdefs.h.  */
| #include <dnet.h>
configure:10165: result: no
configure:10165: checking for dnet.h
configure:10165: result: no
configure:10179: checking dumbnet.h usability
configure:10179: gcc -c -g -O2 -fvisibility=hidden -std=gnu99 -Wno-pedantic  -I/usr/include -I/home/mbertocchi/dpdk-stable-21.11.2/install/include conftest.c >&5
configure:10179: $? = 0
configure:10179: result: yes
configure:10179: checking dumbnet.h presence
configure:10179: gcc -E  -I/usr/include -I/home/mbertocchi/dpdk-stable-21.11.2/install/include conftest.c
configure:10179: $? = 0
configure:10179: result: yes
configure:10179: checking for dumbnet.h
configure:10179: result: yes
configure:10202: checking for eth_set in -ldnet
configure:10227: gcc -o conftest -g -O2 -fvisibility=hidden -std=gnu99 -Wno-pedantic  -I/usr/include -I/home/mbertocchi/dpdk-stable-21.11.2/install/include  conftest.c -ldnet  -ldumbnet -lpcap -lpcap  >&5
configure:10227: $? = 0
configure:10236: result: yes
configure:10249: checking for eth_set in -ldumbnet
configure:10274: gcc -o conftest -g -O2 -fvisibility=hidden -std=gnu99 -Wno-pedantic  -I/usr/include -I/home/mbertocchi/dpdk-stable-21.11.2/install/include  conftest.c -ldumbnet  -ldumbnet -ldnet -lpcap -lpcap  >&5
configure:10274: $? = 0
configure:10283: result: yes
configure:10337: checking for dlopen in -ldl
configure:10362: gcc -o conftest -g -O2 -fvisibility=hidden -std=gnu99 -Wno-pedantic  -I/usr/include -I/home/mbertocchi/dpdk-stable-21.11.2/install/include  conftest.c -ldl   >&5
configure:10362: $? = 0
configure:10371: result: yes
configure:10391: checking for inttypes.h
configure:10391: result: yes
configure:10391: checking for memory.h
configure:10391: result: yes
configure:10391: checking netdb.h usability
configure:10391: gcc -c -g -O2 -fvisibility=hidden -std=gnu99 -Wno-pedantic  -I/usr/include -I/home/mbertocchi/dpdk-stable-21.11.2/install/include conftest.c >&5
configure:10391: $? = 0
configure:10391: result: yes
configure:10391: checking netdb.h presence
configure:10391: gcc -E  -I/usr/include -I/home/mbertocchi/dpdk-stable-21.11.2/install/include conftest.c
configure:10391: $? = 0
configure:10391: result: yes
configure:10391: checking for netdb.h
configure:10391: result: yes
configure:10391: checking for netinet/in.h
configure:10391: result: yes
configure:10391: checking for stdint.h
configure:10391: result: yes
configure:10391: checking for stdlib.h
configure:10391: result: yes
configure:10391: checking for string.h
configure:10391: result: yes
configure:10391: checking sys/ioctl.h usability
configure:10391: gcc -c -g -O2 -fvisibility=hidden -std=gnu99 -Wno-pedantic  -I/usr/include -I/home/mbertocchi/dpdk-stable-21.11.2/install/include conftest.c >&5
configure:10391: $? = 0
configure:10391: result: yes
configure:10391: checking sys/ioctl.h presence
configure:10391: gcc -E  -I/usr/include -I/home/mbertocchi/dpdk-stable-21.11.2/install/include conftest.c
configure:10391: $? = 0
configure:10391: result: yes
configure:10391: checking for sys/ioctl.h
configure:10391: result: yes
configure:10391: checking sys/param.h usability
configure:10391: gcc -c -g -O2 -fvisibility=hidden -std=gnu99 -Wno-pedantic  -I/usr/include -I/home/mbertocchi/dpdk-stable-21.11.2/install/include conftest.c >&5
configure:10391: $? = 0
configure:10391: result: yes
configure:10391: checking sys/param.h presence
configure:10391: gcc -E  -I/usr/include -I/home/mbertocchi/dpdk-stable-21.11.2/install/include conftest.c
configure:10391: $? = 0
configure:10391: result: yes
configure:10391: checking for sys/param.h
configure:10391: result: yes
configure:10391: checking sys/socket.h usability
configure:10391: gcc -c -g -O2 -fvisibility=hidden -std=gnu99 -Wno-pedantic  -I/usr/include -I/home/mbertocchi/dpdk-stable-21.11.2/install/include conftest.c >&5
configure:10391: $? = 0
configure:10391: result: yes
configure:10391: checking sys/socket.h presence
configure:10391: gcc -E  -I/usr/include -I/home/mbertocchi/dpdk-stable-21.11.2/install/include conftest.c
configure:10391: $? = 0
configure:10391: result: yes
configure:10391: checking for sys/socket.h
configure:10391: result: yes
configure:10391: checking sys/time.h usability
configure:10391: gcc -c -g -O2 -fvisibility=hidden -std=gnu99 -Wno-pedantic  -I/usr/include -I/home/mbertocchi/dpdk-stable-21.11.2/install/include conftest.c >&5
configure:10391: $? = 0
configure:10391: result: yes
configure:10391: checking sys/time.h presence
configure:10391: gcc -E  -I/usr/include -I/home/mbertocchi/dpdk-stable-21.11.2/install/include conftest.c
configure:10391: $? = 0
configure:10391: result: yes
configure:10391: checking for sys/time.h
configure:10391: result: yes
configure:10391: checking for unistd.h
configure:10391: result: yes
configure:10403: checking for inline
configure:10419: gcc -c -g -O2 -fvisibility=hidden -std=gnu99 -Wno-pedantic  -I/usr/include -I/home/mbertocchi/dpdk-stable-21.11.2/install/include conftest.c >&5
configure:10419: $? = 0
configure:10427: result: inline
configure:10445: checking for size_t
configure:10445: gcc -c -g -O2 -fvisibility=hidden -std=gnu99 -Wno-pedantic  -I/usr/include -I/home/mbertocchi/dpdk-stable-21.11.2/install/include conftest.c >&5
configure:10445: $? = 0
configure:10445: gcc -c -g -O2 -fvisibility=hidden -std=gnu99 -Wno-pedantic  -I/usr/include -I/home/mbertocchi/dpdk-stable-21.11.2/install/include conftest.c >&5
conftest.c: In function 'main':
conftest.c:84:21: error: expected expression before ')' token
 if (sizeof ((size_t)))
                     ^
configure:10445: $? = 1
configure: failed program was:
| /* confdefs.h */
| #define PACKAGE_NAME "daq"
| #define PACKAGE_TARNAME "daq"
| #define PACKAGE_VERSION "2.2.2"
| #define PACKAGE_STRING "daq 2.2.2"
| #define PACKAGE_BUGREPORT "snort-team@sourcefire.com"
| #define PACKAGE_URL ""
| #define PACKAGE "daq"
| #define VERSION "2.2.2"
| #define STDC_HEADERS 1
| #define HAVE_SYS_TYPES_H 1
| #define HAVE_SYS_STAT_H 1
| #define HAVE_STDLIB_H 1
| #define HAVE_STRING_H 1
| #define HAVE_MEMORY_H 1
| #define HAVE_STRINGS_H 1
| #define HAVE_INTTYPES_H 1
| #define HAVE_STDINT_H 1
| #define HAVE_UNISTD_H 1
| #define HAVE_DLFCN_H 1
| #define LT_OBJDIR ".libs/"
| #define HAVE_VISIBILITY 1
| #define INET6 1
| #define HAVE_LINUX_IF_ETHER_H 1
| #define HAVE_LINUX_IF_PACKET_H 1
| #define HAVE_DECL_TPACKET2_HDRLEN 1
| #define HAVE_DECL_PACKET_TX_RING 1
| #define HAVE_LIBPCAP 1
| #define HAVE_NETINET_IN_H 1
| #define HAVE_NETINET_IN_H 1
| #define HAVE_LIBNETFILTER_QUEUE_LIBNETFILTER_QUEUE_H 1
| #define HAVE_DUMBNET_H 1
| #define HAVE_LIBDNET 1
| #define HAVE_LIBDUMBNET 1
| #define HAVE_INTTYPES_H 1
| #define HAVE_MEMORY_H 1
| #define HAVE_NETDB_H 1
| #define HAVE_NETINET_IN_H 1
| #define HAVE_STDINT_H 1
| #define HAVE_STDLIB_H 1
| #define HAVE_STRING_H 1
| #define HAVE_SYS_IOCTL_H 1
| #define HAVE_SYS_PARAM_H 1
| #define HAVE_SYS_SOCKET_H 1
| #define HAVE_SYS_TIME_H 1
| #define HAVE_UNISTD_H 1
| /* end confdefs.h.  */
| #include <stdio.h>
| #ifdef HAVE_SYS_TYPES_H
| # include <sys/types.h>
| #endif
| #ifdef HAVE_SYS_STAT_H
| # include <sys/stat.h>
| #endif
| #ifdef STDC_HEADERS
| # include <stdlib.h>
| # include <stddef.h>
| #else
| # ifdef HAVE_STDLIB_H
| #  include <stdlib.h>
| # endif
| #endif
| #ifdef HAVE_STRING_H
| # if !defined STDC_HEADERS && defined HAVE_MEMORY_H
| #  include <memory.h>
| # endif
| # include <string.h>
| #endif
| #ifdef HAVE_STRINGS_H
| # include <strings.h>
| #endif
| #ifdef HAVE_INTTYPES_H
| # include <inttypes.h>
| #endif
| #ifdef HAVE_STDINT_H
| # include <stdint.h>
| #endif
| #ifdef HAVE_UNISTD_H
| # include <unistd.h>
| #endif
| int
| main ()
| {
| if (sizeof ((size_t)))
| 	    return 0;
|   ;
|   return 0;
| }
configure:10445: result: yes
configure:10456: checking for uint16_t
configure:10456: gcc -c -g -O2 -fvisibility=hidden -std=gnu99 -Wno-pedantic  -I/usr/include -I/home/mbertocchi/dpdk-stable-21.11.2/install/include conftest.c >&5
configure:10456: $? = 0
configure:10456: result: yes
configure:10468: checking for uint32_t
configure:10468: gcc -c -g -O2 -fvisibility=hidden -std=gnu99 -Wno-pedantic  -I/usr/include -I/home/mbertocchi/dpdk-stable-21.11.2/install/include conftest.c >&5
configure:10468: $? = 0
configure:10468: result: yes
configure:10482: checking for uint64_t
configure:10482: gcc -c -g -O2 -fvisibility=hidden -std=gnu99 -Wno-pedantic  -I/usr/include -I/home/mbertocchi/dpdk-stable-21.11.2/install/include conftest.c >&5
configure:10482: $? = 0
configure:10482: result: yes
configure:10496: checking for uint8_t
configure:10496: gcc -c -g -O2 -fvisibility=hidden -std=gnu99 -Wno-pedantic  -I/usr/include -I/home/mbertocchi/dpdk-stable-21.11.2/install/include conftest.c >&5
configure:10496: $? = 0
configure:10496: result: yes
configure:10514: checking for stdlib.h
configure:10514: result: yes
configure:10524: checking for GNU libc compatible malloc
configure:10548: gcc -o conftest -g -O2 -fvisibility=hidden -std=gnu99 -Wno-pedantic  -I/usr/include -I/home/mbertocchi/dpdk-stable-21.11.2/install/include  conftest.c  >&5
configure:10548: $? = 0
configure:10548: ./conftest
configure:10548: $? = 0
configure:10558: result: yes
configure:10585: checking for stdlib.h
configure:10585: result: yes
configure:10585: checking for unistd.h
configure:10585: result: yes
configure:10585: checking for sys/param.h
configure:10585: result: yes
configure:10605: checking for getpagesize
configure:10605: gcc -o conftest -g -O2 -fvisibility=hidden -std=gnu99 -Wno-pedantic  -I/usr/include -I/home/mbertocchi/dpdk-stable-21.11.2/install/include  conftest.c  >&5
configure:10605: $? = 0
configure:10605: result: yes
configure:10614: checking for working mmap
configure:10763: gcc -o conftest -g -O2 -fvisibility=hidden -std=gnu99 -Wno-pedantic  -I/usr/include -I/home/mbertocchi/dpdk-stable-21.11.2/install/include  conftest.c  >&5
configure:10763: $? = 0
configure:10763: ./conftest
configure:10763: $? = 0
configure:10773: result: yes
configure:10785: checking for gethostbyname
configure:10785: gcc -o conftest -g -O2 -fvisibility=hidden -std=gnu99 -Wno-pedantic  -I/usr/include -I/home/mbertocchi/dpdk-stable-21.11.2/install/include  conftest.c  >&5
configure:10785: $? = 0
configure:10785: result: yes
configure:10785: checking for getpagesize
configure:10785: result: yes
configure:10785: checking for memset
configure:10785: gcc -o conftest -g -O2 -fvisibility=hidden -std=gnu99 -Wno-pedantic  -I/usr/include -I/home/mbertocchi/dpdk-stable-21.11.2/install/include  conftest.c  >&5
conftest.c:80:6: warning: conflicting types for built-in function 'memset' [-Wbuiltin-declaration-mismatch]
 char memset ();
      ^~~~~~
configure:10785: $? = 0
configure:10785: result: yes
configure:10785: checking for munmap
configure:10785: gcc -o conftest -g -O2 -fvisibility=hidden -std=gnu99 -Wno-pedantic  -I/usr/include -I/home/mbertocchi/dpdk-stable-21.11.2/install/include  conftest.c  >&5
configure:10785: $? = 0
configure:10785: result: yes
configure:10785: checking for socket
configure:10785: gcc -o conftest -g -O2 -fvisibility=hidden -std=gnu99 -Wno-pedantic  -I/usr/include -I/home/mbertocchi/dpdk-stable-21.11.2/install/include  conftest.c  >&5
configure:10785: $? = 0
configure:10785: result: yes
configure:10785: checking for strchr
configure:10785: gcc -o conftest -g -O2 -fvisibility=hidden -std=gnu99 -Wno-pedantic  -I/usr/include -I/home/mbertocchi/dpdk-stable-21.11.2/install/include  conftest.c  >&5
conftest.c:83:6: warning: conflicting types for built-in function 'strchr' [-Wbuiltin-declaration-mismatch]
 char strchr ();
      ^~~~~~
configure:10785: $? = 0
configure:10785: result: yes
configure:10785: checking for strcspn
configure:10785: gcc -o conftest -g -O2 -fvisibility=hidden -std=gnu99 -Wno-pedantic  -I/usr/include -I/home/mbertocchi/dpdk-stable-21.11.2/install/include  conftest.c  >&5
conftest.c:84:6: warning: conflicting types for built-in function 'strcspn' [-Wbuiltin-declaration-mismatch]
 char strcspn ();
      ^~~~~~~
configure:10785: $? = 0
configure:10785: result: yes
configure:10785: checking for strdup
configure:10785: gcc -o conftest -g -O2 -fvisibility=hidden -std=gnu99 -Wno-pedantic  -I/usr/include -I/home/mbertocchi/dpdk-stable-21.11.2/install/include  conftest.c  >&5
conftest.c:85:6: warning: conflicting types for built-in function 'strdup' [-Wbuiltin-declaration-mismatch]
 char strdup ();
      ^~~~~~
configure:10785: $? = 0
configure:10785: result: yes
configure:10785: checking for strerror
configure:10785: gcc -o conftest -g -O2 -fvisibility=hidden -std=gnu99 -Wno-pedantic  -I/usr/include -I/home/mbertocchi/dpdk-stable-21.11.2/install/include  conftest.c  >&5
configure:10785: $? = 0
configure:10785: result: yes
configure:10785: checking for strrchr
configure:10785: gcc -o conftest -g -O2 -fvisibility=hidden -std=gnu99 -Wno-pedantic  -I/usr/include -I/home/mbertocchi/dpdk-stable-21.11.2/install/include  conftest.c  >&5
conftest.c:87:6: warning: conflicting types for built-in function 'strrchr' [-Wbuiltin-declaration-mismatch]
 char strrchr ();
      ^~~~~~~
configure:10785: $? = 0
configure:10785: result: yes
configure:10785: checking for strstr
configure:10785: gcc -o conftest -g -O2 -fvisibility=hidden -std=gnu99 -Wno-pedantic  -I/usr/include -I/home/mbertocchi/dpdk-stable-21.11.2/install/include  conftest.c  >&5
conftest.c:88:6: warning: conflicting types for built-in function 'strstr' [-Wbuiltin-declaration-mismatch]
 char strstr ();
      ^~~~~~
configure:10785: $? = 0
configure:10785: result: yes
configure:10785: checking for strtoul
configure:10785: gcc -o conftest -g -O2 -fvisibility=hidden -std=gnu99 -Wno-pedantic  -I/usr/include -I/home/mbertocchi/dpdk-stable-21.11.2/install/include  conftest.c  >&5
configure:10785: $? = 0
configure:10785: result: yes
configure:10908: checking that generated files are newer than configure
configure:10914: result: done
configure:10977: creating ./config.status

## ---------------- ##
## Cache variables. ##
## ---------------- ##

ac_cv_build=x86_64-pc-linux-gnu
ac_cv_c_compiler_gnu=yes
ac_cv_c_inline=inline
ac_cv_c_uint16_t=yes
ac_cv_c_uint32_t=yes
ac_cv_c_uint64_t=yes
ac_cv_c_uint8_t=yes
ac_cv_env_CC_set=
ac_cv_env_CC_value=
ac_cv_env_CFLAGS_set=
ac_cv_env_CFLAGS_value=
ac_cv_env_CPPFLAGS_set=
ac_cv_env_CPPFLAGS_value=
ac_cv_env_CPP_set=
ac_cv_env_CPP_value=
ac_cv_env_LDFLAGS_set=
ac_cv_env_LDFLAGS_value=
ac_cv_env_LIBS_set=
ac_cv_env_LIBS_value=
ac_cv_env_LT_SYS_LIBRARY_PATH_set=
ac_cv_env_LT_SYS_LIBRARY_PATH_value=
ac_cv_env_build_alias_set=
ac_cv_env_build_alias_value=
ac_cv_env_host_alias_set=
ac_cv_env_host_alias_value=
ac_cv_env_target_alias_set=
ac_cv_env_target_alias_value=
ac_cv_func_getaddrinfo=yes
ac_cv_func_gethostbyname=yes
ac_cv_func_getpagesize=yes
ac_cv_func_malloc_0_nonnull=yes
ac_cv_func_memset=yes
ac_cv_func_mmap_fixed_mapped=yes
ac_cv_func_munmap=yes
ac_cv_func_socket=yes
ac_cv_func_strchr=yes
ac_cv_func_strcspn=yes
ac_cv_func_strdup=yes
ac_cv_func_strerror=yes
ac_cv_func_strrchr=yes
ac_cv_func_strstr=yes
ac_cv_func_strtoul=yes
ac_cv_have_decl_NETMAP_API=no
ac_cv_have_decl_PACKET_TX_RING=yes
ac_cv_have_decl_TPACKET2_HDRLEN=yes
ac_cv_header__home_mbertocchi_dpdk_stable_21_11_2_install_include_rte_config_h=yes
ac_cv_header_dlfcn_h=yes
ac_cv_header_dnet_h=no
ac_cv_header_dumbnet_h=yes
ac_cv_header_inttypes_h=yes
ac_cv_header_libipq_h=no
ac_cv_header_libnetfilter_queue_libnetfilter_queue_h=yes
ac_cv_header_linux_if_ether_h=yes
ac_cv_header_linux_if_packet_h=yes
ac_cv_header_linux_netfilter_h=yes
ac_cv_header_memory_h=yes
ac_cv_header_net_netmap_h=no
ac_cv_header_net_netmap_user_h=no
ac_cv_header_netdb_h=yes
ac_cv_header_netinet_in_h=yes
ac_cv_header_pcap_h=yes
ac_cv_header_stdc=yes
ac_cv_header_stdint_h=yes
ac_cv_header_stdlib_h=yes
ac_cv_header_string_h=yes
ac_cv_header_strings_h=yes
ac_cv_header_sys_ioctl_h=yes
ac_cv_header_sys_param_h=yes
ac_cv_header_sys_socket_h=yes
ac_cv_header_sys_stat_h=yes
ac_cv_header_sys_time_h=yes
ac_cv_header_sys_types_h=yes
ac_cv_header_unistd_h=yes
ac_cv_host=x86_64-pc-linux-gnu
ac_cv_lbl_flex_v24=yes
ac_cv_lib_dl_dlopen=yes
ac_cv_lib_dnet_eth_set=yes
ac_cv_lib_dumbnet_eth_set=yes
ac_cv_lib_pcap_pcap_lib_version=yes
ac_cv_objext=o
ac_cv_path_EGREP='/bin/grep -E'
ac_cv_path_FGREP='/bin/grep -F'
ac_cv_path_GREP=/bin/grep
ac_cv_path_SED=/bin/sed
ac_cv_path_install='/usr/bin/install -c'
ac_cv_path_lt_DD=/bin/dd
ac_cv_path_mkdir=/bin/mkdir
ac_cv_prog_AWK=gawk
ac_cv_prog_CPP='gcc -E'
ac_cv_prog_V_LEX=flex
ac_cv_prog_V_YACC=bison
ac_cv_prog_ac_ct_AR=ar
ac_cv_prog_ac_ct_CC=gcc
ac_cv_prog_ac_ct_MANIFEST_TOOL=mt
ac_cv_prog_ac_ct_OBJDUMP=objdump
ac_cv_prog_ac_ct_RANLIB=ranlib
ac_cv_prog_ac_ct_STRIP=strip
ac_cv_prog_cc_c89=
ac_cv_prog_cc_g=yes
ac_cv_prog_make_make_set=yes
ac_cv_type_size_t=yes
am_cv_CC_dependencies_compiler_type=gcc3
am_cv_make_support_nested_variables=yes
am_cv_prog_cc_c_o=yes
ax_cv_check_cflags___Wall=yes
ax_cv_check_cflags___Wcast_align=yes
ax_cv_check_cflags___Wextra=yes
ax_cv_check_cflags___Wformat=yes
ax_cv_check_cflags___Wformat_security=yes
ax_cv_check_cflags___Wno_unused_parameter=yes
ax_cv_check_cflags___Wsign_compare=yes
ax_cv_check_cflags___Wwrite_strings=yes
ax_cv_check_cflags___fdiagnostics_show_option=yes
ax_cv_check_cflags___fno_strict_aliasing=yes
ax_cv_check_cflags___pedantic__std_c99__D_GNU_SOURCE=yes
daq_cv_libpcap_version_1x=yes
gl_cv_cc_visibility=yes
lt_cv_ar_at_file=@
lt_cv_archive_cmds_need_lc=no
lt_cv_deplibs_check_method=pass_all
lt_cv_file_magic_cmd='$MAGIC_CMD'
lt_cv_file_magic_test_file=
lt_cv_ld_reload_flag=-r
lt_cv_nm_interface='BSD nm'
lt_cv_objdir=.libs
lt_cv_path_LD=/usr/bin/ld
lt_cv_path_NM='/usr/bin/nm -B'
lt_cv_path_mainfest_tool=no
lt_cv_prog_compiler_c_o=yes
lt_cv_prog_compiler_pic='-fPIC -DPIC'
lt_cv_prog_compiler_pic_works=yes
lt_cv_prog_compiler_rtti_exceptions=no
lt_cv_prog_compiler_static_works=yes
lt_cv_prog_gnu_ld=yes
lt_cv_sharedlib_from_linklib_cmd='printf %s\n'
lt_cv_shlibpath_overrides_runpath=yes
lt_cv_sys_global_symbol_pipe='sed -n -e '\''s/^.*[	 ]\([ABCDGIRSTW][ABCDGIRSTW]*\)[	 ][	 ]*\([_A-Za-z][_A-Za-z0-9]*\)$/\1 \2 \2/p'\'' | sed '\''/ __gnu_lto/d'\'''
lt_cv_sys_global_symbol_to_c_name_address='sed -n -e '\''s/^: \(.*\) .*$/  {"\1", (void *) 0},/p'\'' -e '\''s/^[ABCDGIRSTW][ABCDGIRSTW]* .* \(.*\)$/  {"\1", (void *) \&\1},/p'\'''
lt_cv_sys_global_symbol_to_c_name_address_lib_prefix='sed -n -e '\''s/^: \(.*\) .*$/  {"\1", (void *) 0},/p'\'' -e '\''s/^[ABCDGIRSTW][ABCDGIRSTW]* .* \(lib.*\)$/  {"\1", (void *) \&\1},/p'\'' -e '\''s/^[ABCDGIRSTW][ABCDGIRSTW]* .* \(.*\)$/  {"lib\1", (void *) \&\1},/p'\'''
lt_cv_sys_global_symbol_to_cdecl='sed -n -e '\''s/^T .* \(.*\)$/extern int \1();/p'\'' -e '\''s/^[ABCDGIRSTW][ABCDGIRSTW]* .* \(.*\)$/extern char \1;/p'\'''
lt_cv_sys_global_symbol_to_import=
lt_cv_sys_max_cmd_len=1572864
lt_cv_to_host_file_cmd=func_convert_file_noop
lt_cv_to_tool_file_cmd=func_convert_file_noop
lt_cv_truncate_bin='/bin/dd bs=4096 count=1'

## ----------------- ##
## Output variables. ##
## ----------------- ##

ACLOCAL='${SHELL} /home/mbertocchi/mine_daq_dpdk/daq-2.2.2/missing aclocal-1.16'
AMDEPBACKSLASH='\'
AMDEP_FALSE='#'
AMDEP_TRUE=''
AMTAR='$${TAR-tar}'
AM_BACKSLASH='\'
AM_CFLAGS=' -Wall -Wwrite-strings -Wsign-compare -Wcast-align -Wextra -Wformat -Wformat-security -Wno-unused-parameter -fno-strict-aliasing -fdiagnostics-show-option --pedantic -std=c99 -D_GNU_SOURCE'
AM_DEFAULT_V='$(AM_DEFAULT_VERBOSITY)'
AM_DEFAULT_VERBOSITY='1'
AM_V='$(V)'
AR='ar'
AUTOCONF='${SHELL} /home/mbertocchi/mine_daq_dpdk/daq-2.2.2/missing autoconf'
AUTOHEADER='${SHELL} /home/mbertocchi/mine_daq_dpdk/daq-2.2.2/missing autoheader'
AUTOMAKE='${SHELL} /home/mbertocchi/mine_daq_dpdk/daq-2.2.2/missing automake-1.16'
AWK='gawk'
BUILD_AFPACKET_MODULE_FALSE='#'
BUILD_AFPACKET_MODULE_TRUE=''
BUILD_DPDK_MODULE_FALSE='#'
BUILD_DPDK_MODULE_TRUE=''
BUILD_DUMP_MODULE_FALSE='#'
BUILD_DUMP_MODULE_TRUE=''
BUILD_IPFW_MODULE_FALSE='#'
BUILD_IPFW_MODULE_TRUE=''
BUILD_IPQ_MODULE_FALSE=''
BUILD_IPQ_MODULE_TRUE='#'
BUILD_MODULES_FALSE='#'
BUILD_MODULES_TRUE=''
BUILD_NETMAP_MODULE_FALSE=''
BUILD_NETMAP_MODULE_TRUE='#'
BUILD_NFQ_MODULE_FALSE='#'
BUILD_NFQ_MODULE_TRUE=''
BUILD_PCAP_MODULE_FALSE='#'
BUILD_PCAP_MODULE_TRUE=''
BUILD_SHARED_MODULES_FALSE='#'
BUILD_SHARED_MODULES_TRUE=''
CC='gcc'
CCDEPMODE='depmode=gcc3'
CFLAGS='-g -O2 -fvisibility=hidden -std=gnu99 -Wno-pedantic'
CPP='gcc -E'
CPPFLAGS=' -I/usr/include -I/home/mbertocchi/dpdk-stable-21.11.2/install/include'
CYGPATH_W='echo'
DAQ_MAJOR_VERSION='2'
DAQ_MINOR_VERSION='2'
DAQ_PATCH_VERSION='2'
DEFS='-DHAVE_CONFIG_H'
DEPDIR='.deps'
DLLTOOL='false'
DNET_LDFLAGS='-ldumbnet'
DSYMUTIL=''
DUMPBIN=''
ECHO_C=''
ECHO_N='-n'
ECHO_T=''
EGREP='/bin/grep -E'
EXEEXT=''
FGREP='/bin/grep -F'
GREP='/bin/grep'
INSTALL_DATA='${INSTALL} -m 644'
INSTALL_PROGRAM='${INSTALL}'
INSTALL_SCRIPT='${INSTALL}'
INSTALL_STRIP_PROGRAM='$(install_sh) -c -s'
LD='/usr/bin/ld -m elf_x86_64'
LDFLAGS=''
LIBDL='-ldl'
LIBOBJS=''
LIBS=''
LIBTOOL='$(SHELL) $(top_builddir)/libtool'
LIPO=''
LN_S='ln -s'
LTLIBOBJS=''
LT_SYS_LIBRARY_PATH=''
MAKEINFO='${SHELL} /home/mbertocchi/mine_daq_dpdk/daq-2.2.2/missing makeinfo'
MANIFEST_TOOL=':'
MKDIR_P='/bin/mkdir -p'
NM='/usr/bin/nm -B'
NMEDIT=''
OBJDUMP='objdump'
OBJEXT='o'
OTOOL64=''
OTOOL=''
PACKAGE='daq'
PACKAGE_BUGREPORT='snort-team@sourcefire.com'
PACKAGE_NAME='daq'
PACKAGE_STRING='daq 2.2.2'
PACKAGE_TARNAME='daq'
PACKAGE_URL=''
PACKAGE_VERSION='2.2.2'
PATH_SEPARATOR=':'
RANLIB='ranlib'
SED='/bin/sed'
SET_MAKE=''
SHELL='/bin/bash'
STATIC_LIBS=' -lsfbpf -lsfbpf -L/home/mbertocchi/dpdk-stable-21.11.2/install/lib/x86_64-linux-gnu -Wl,--as-needed,--whole-archive,/home/mbertocchi/dpdk-stable-21.11.2/install/lib/x86_64-linux-gnu/pkgconfig/libdpdk.pc,--no-whole-archive -L/opt/napatech3/lib -lntapi -lntos -lpthread -lrt -lnuma -lm -lpcap -lsfbpf -lnfnetlink -lnetfilter_queue -lsfbpf -lpcap -ldumbnet'
STRIP='strip'
VERSION='2.2.2'
V_LEX='flex -Psfbpf_'
V_YACC='bison -y -p sfbpf_'
XCCFLAGS=''
ac_ct_AR='ar'
ac_ct_CC='gcc'
ac_ct_DUMPBIN=''
am__EXEEXT_FALSE=''
am__EXEEXT_TRUE='#'
am__fastdepCC_FALSE='#'
am__fastdepCC_TRUE=''
am__include='include'
am__isrc=''
am__leading_dot='.'
am__nodep='_no'
am__quote=''
am__tar='$${TAR-tar} chof - "$$tardir"'
am__untar='$${TAR-tar} xf -'
bindir='${exec_prefix}/bin'
build='x86_64-pc-linux-gnu'
build_alias=''
build_cpu='x86_64'
build_os='linux-gnu'
build_vendor='pc'
datadir='${datarootdir}'
datarootdir='${prefix}/share'
docdir='${datarootdir}/doc/${PACKAGE_TARNAME}'
dvidir='${docdir}'
exec_prefix='${prefix}'
host='x86_64-pc-linux-gnu'
host_alias=''
host_cpu='x86_64'
host_os='linux-gnu'
host_vendor='pc'
htmldir='${docdir}'
includedir='${prefix}/include'
infodir='${datarootdir}/info'
install_sh='${SHELL} /home/mbertocchi/mine_daq_dpdk/daq-2.2.2/install-sh'
libdir='${exec_prefix}/lib'
libexecdir='${exec_prefix}/libexec'
localedir='${datarootdir}/locale'
localstatedir='${prefix}/var'
mandir='${datarootdir}/man'
mkdir_p='$(MKDIR_P)'
oldincludedir='/usr/include'
pdfdir='${docdir}'
prefix='/opt/snort'
program_transform_name='s,x,x,'
psdir='${docdir}'
runstatedir='${localstatedir}/run'
sbindir='${exec_prefix}/sbin'
sharedstatedir='${prefix}/com'
sysconfdir='${prefix}/etc'
target_alias=''

## ----------- ##
## confdefs.h. ##
## ----------- ##

/* confdefs.h */
#define PACKAGE_NAME "daq"
#define PACKAGE_TARNAME "daq"
#define PACKAGE_VERSION "2.2.2"
#define PACKAGE_STRING "daq 2.2.2"
#define PACKAGE_BUGREPORT "snort-team@sourcefire.com"
#define PACKAGE_URL ""
#define PACKAGE "daq"
#define VERSION "2.2.2"
#define STDC_HEADERS 1
#define HAVE_SYS_TYPES_H 1
#define HAVE_SYS_STAT_H 1
#define HAVE_STDLIB_H 1
#define HAVE_STRING_H 1
#define HAVE_MEMORY_H 1
#define HAVE_STRINGS_H 1
#define HAVE_INTTYPES_H 1
#define HAVE_STDINT_H 1
#define HAVE_UNISTD_H 1
#define HAVE_DLFCN_H 1
#define LT_OBJDIR ".libs/"
#define HAVE_VISIBILITY 1
#define INET6 1
#define HAVE_LINUX_IF_ETHER_H 1
#define HAVE_LINUX_IF_PACKET_H 1
#define HAVE_DECL_TPACKET2_HDRLEN 1
#define HAVE_DECL_PACKET_TX_RING 1
#define HAVE_LIBPCAP 1
#define HAVE_NETINET_IN_H 1
#define HAVE_NETINET_IN_H 1
#define HAVE_LIBNETFILTER_QUEUE_LIBNETFILTER_QUEUE_H 1
#define HAVE_DUMBNET_H 1
#define HAVE_LIBDNET 1
#define HAVE_LIBDUMBNET 1
#define HAVE_INTTYPES_H 1
#define HAVE_MEMORY_H 1
#define HAVE_NETDB_H 1
#define HAVE_NETINET_IN_H 1
#define HAVE_STDINT_H 1
#define HAVE_STDLIB_H 1
#define HAVE_STRING_H 1
#define HAVE_SYS_IOCTL_H 1
#define HAVE_SYS_PARAM_H 1
#define HAVE_SYS_SOCKET_H 1
#define HAVE_SYS_TIME_H 1
#define HAVE_UNISTD_H 1
#define HAVE_STDLIB_H 1
#define HAVE_MALLOC 1
#define HAVE_STDLIB_H 1
#define HAVE_UNISTD_H 1
#define HAVE_SYS_PARAM_H 1
#define HAVE_GETPAGESIZE 1
#define HAVE_MMAP 1
#define HAVE_GETHOSTBYNAME 1
#define HAVE_GETPAGESIZE 1
#define HAVE_MEMSET 1
#define HAVE_MUNMAP 1
#define HAVE_SOCKET 1
#define HAVE_STRCHR 1
#define HAVE_STRCSPN 1
#define HAVE_STRDUP 1
#define HAVE_STRERROR 1
#define HAVE_STRRCHR 1
#define HAVE_STRSTR 1
#define HAVE_STRTOUL 1

configure: exit 0

## ---------------------- ##
## Running config.status. ##
## ---------------------- ##

This file was extended by daq config.status 2.2.2, which was
generated by GNU Autoconf 2.69.  Invocation command line was

  CONFIG_FILES    = 
  CONFIG_HEADERS  = 
  CONFIG_LINKS    = 
  CONFIG_COMMANDS = 
  $ ./config.status 

on nslrack09

config.status:1162: creating Makefile
config.status:1162: creating api/daq_version.h
config.status:1162: creating api/Makefile
config.status:1162: creating os-daq-modules/Makefile
config.status:1162: creating os-daq-modules/daq-modules-config
config.status:1162: creating sfbpf/Makefile
config.status:1162: creating config.h
config.status:1343: config.h is unchanged
config.status:1391: executing depfiles commands
config.status:1468: cd api       && sed -e '/# am--include-marker/d' Makefile         | make -f - am--depfiles
make[1]: Entering directory '/home/mbertocchi/mine_daq_dpdk/daq-2.2.2/api'
make[1]: Nothing to be done for 'am--depfiles'.
make[1]: Leaving directory '/home/mbertocchi/mine_daq_dpdk/daq-2.2.2/api'
config.status:1473: $? = 0
config.status:1468: cd os-daq-modules       && sed -e '/# am--include-marker/d' Makefile         | make -f - am--depfiles
make[1]: Entering directory '/home/mbertocchi/mine_daq_dpdk/daq-2.2.2/os-daq-modules'
make[1]: Nothing to be done for 'am--depfiles'.
make[1]: Leaving directory '/home/mbertocchi/mine_daq_dpdk/daq-2.2.2/os-daq-modules'
config.status:1473: $? = 0
config.status:1468: cd sfbpf       && sed -e '/# am--include-marker/d' Makefile         | make -f - am--depfiles
make[1]: Entering directory '/home/mbertocchi/mine_daq_dpdk/daq-2.2.2/sfbpf'
make[1]: Nothing to be done for 'am--depfiles'.
make[1]: Leaving directory '/home/mbertocchi/mine_daq_dpdk/daq-2.2.2/sfbpf'
config.status:1473: $? = 0
config.status:1391: executing libtool commands
